Unknown:
C:\Users\fthgl\AppData\Local\Temp\CSTDE1\Temp\DE\Untitled_0\Result\e-field_m3d.coe
C:\Users\fthgl\AppData\Local\Temp\CSTDE1\Temp\DE\Untitled_0\Result\hardware_resources.sconf
C:\Users\fthgl\AppData\Local\Temp\CSTDE1\Temp\DE\Untitled_0\Result\Hex.gap
C:\Users\fthgl\AppData\Local\Temp\CSTDE1\Temp\DE\Untitled_0\Result\MCalc.ddi
C:\Users\fthgl\AppData\Local\Temp\CSTDE1\Temp\DE\Untitled_0\Result\MCalc.log
C:\Users\fthgl\AppData\Local\Temp\CSTDE1\Temp\DE\Untitled_0\Result\ml_info.log
C:\Users\fthgl\AppData\Local\Temp\CSTDE1\Temp\DE\Untitled_0\Result\Model.axg
C:\Users\fthgl\AppData\Local\Temp\CSTDE1\Temp\DE\Untitled_0\Result\Model.coco
C:\Users\fthgl\AppData\Local\Temp\CSTDE1\Temp\DE\Untitled_0\Result\Model.ddi
C:\Users\fthgl\AppData\Local\Temp\CSTDE1\Temp\DE\Untitled_0\Result\Model.elg
C:\Users\fthgl\AppData\Local\Temp\CSTDE1\Temp\DE\Untitled_0\Result\Model.log
C:\Users\fthgl\AppData\Local\Temp\CSTDE1\Temp\DE\Untitled_0\Result\Model.sa
C:\Users\fthgl\AppData\Local\Temp\CSTDE1\Temp\DE\Untitled_0\Result\Model.sam
C:\Users\fthgl\AppData\Local\Temp\CSTDE1\Temp\DE\Untitled_0\Result\ModelPBA.axg
C:\Users\fthgl\AppData\Local\Temp\CSTDE1\Temp\DE\Untitled_0\Result\Model_1.sam
C:\Users\fthgl\AppData\Local\Temp\CSTDE1\Temp\DE\Untitled_0\Result\Model_2.sam
C:\Users\fthgl\AppData\Local\Temp\CSTDE1\Temp\DE\Untitled_0\Result\Model_3.sam
C:\Users\fthgl\AppData\Local\Temp\CSTDE1\Temp\DE\Untitled_0\Result\m^fbqq.dsc
C:\Users\fthgl\AppData\Local\Temp\CSTDE1\Temp\DE\Untitled_0\Result\m^fifx.dsc
C:\Users\fthgl\AppData\Local\Temp\CSTDE1\Temp\DE\Untitled_0\Result\m^fqq.dsc
C:\Users\fthgl\AppData\Local\Temp\CSTDE1\Temp\DE\Untitled_0\Result\Ports.web
C:\Users\fthgl\AppData\Local\Temp\CSTDE1\Temp\DE\Untitled_0\Result\PP-MCalc.log
C:\Users\fthgl\AppData\Local\Temp\CSTDE1\Temp\DE\Untitled_0\Result\PP-Prio.log
C:\Users\fthgl\AppData\Local\Temp\CSTDE1\Temp\DE\Untitled_0\Result\p^a.dsc
C:\Users\fthgl\AppData\Local\Temp\CSTDE1\Temp\DE\Untitled_0\Result\P^m^fb.slog
C:\Users\fthgl\AppData\Local\Temp\CSTDE1\Temp\DE\Untitled_0\Result\P^m^fbqq.slog
C:\Users\fthgl\AppData\Local\Temp\CSTDE1\Temp\DE\Untitled_0\Result\P^m^fqq.slog
C:\Users\fthgl\AppData\Local\Temp\CSTDE1\Temp\DE\Untitled_0\Result\P^p^m.slog
C:\Users\fthgl\AppData\Local\Temp\CSTDE1\Temp\DE\Untitled_0\Result\P^s^pm.slog
Mesh:
C:\Users\fthgl\AppData\Local\Temp\CSTDE1\Temp\DE\Untitled_0\Result\dA.mat
C:\Users\fthgl\AppData\Local\Temp\CSTDE1\Temp\DE\Untitled_0\Result\dad.mat
C:\Users\fthgl\AppData\Local\Temp\CSTDE1\Temp\DE\Untitled_0\Result\ds.mat
C:\Users\fthgl\AppData\Local\Temp\CSTDE1\Temp\DE\Untitled_0\Result\dsd.mat
C:\Users\fthgl\AppData\Local\Temp\CSTDE1\Temp\DE\Untitled_0\Result\dsMCalc.mat
C:\Users\fthgl\AppData\Local\Temp\CSTDE1\Temp\DE\Untitled_0\Result\Eps.mat
C:\Users\fthgl\AppData\Local\Temp\CSTDE1\Temp\DE\Untitled_0\Result\HexMatrix.m2h
C:\Users\fthgl\AppData\Local\Temp\CSTDE1\Temp\DE\Untitled_0\Result\HexMatrix_MCalc.m2h
C:\Users\fthgl\AppData\Local\Temp\CSTDE1\Temp\DE\Untitled_0\Result\Kappa.mat
C:\Users\fthgl\AppData\Local\Temp\CSTDE1\Temp\DE\Untitled_0\Result\MCalc.fmp
C:\Users\fthgl\AppData\Local\Temp\CSTDE1\Temp\DE\Untitled_0\Result\MCalc.xcfd
C:\Users\fthgl\AppData\Local\Temp\CSTDE1\Temp\DE\Untitled_0\Result\MCalcCCS_c.mson
C:\Users\fthgl\AppData\Local\Temp\CSTDE1\Temp\DE\Untitled_0\Result\Model-fmf.msqlite
C:\Users\fthgl\AppData\Local\Temp\CSTDE1\Temp\DE\Untitled_0\Result\Model.cct
C:\Users\fthgl\AppData\Local\Temp\CSTDE1\Temp\DE\Untitled_0\Result\Model.fmf
C:\Users\fthgl\AppData\Local\Temp\CSTDE1\Temp\DE\Untitled_0\Result\Model.fmm
C:\Users\fthgl\AppData\Local\Temp\CSTDE1\Temp\DE\Untitled_0\Result\Model.fpc
C:\Users\fthgl\AppData\Local\Temp\CSTDE1\Temp\DE\Untitled_0\Result\Model.fwf
C:\Users\fthgl\AppData\Local\Temp\CSTDE1\Temp\DE\Untitled_0\Result\Model.sic
C:\Users\fthgl\AppData\Local\Temp\CSTDE1\Temp\DE\Untitled_0\Result\Model.sid
C:\Users\fthgl\AppData\Local\Temp\CSTDE1\Temp\DE\Untitled_0\Result\Model.spi
C:\Users\fthgl\AppData\Local\Temp\CSTDE1\Temp\DE\Untitled_0\Result\Model.xcfd
C:\Users\fthgl\AppData\Local\Temp\CSTDE1\Temp\DE\Untitled_0\Result\Mue.mat
C:\Users\fthgl\AppData\Local\Temp\CSTDE1\Temp\DE\Untitled_0\Result\m^fbqq.mem
C:\Users\fthgl\AppData\Local\Temp\CSTDE1\Temp\DE\Untitled_0\Result\m^fqq.mem
C:\Users\fthgl\AppData\Local\Temp\CSTDE1\Temp\DE\Untitled_0\Result\p1.spi
C:\Users\fthgl\AppData\Local\Temp\CSTDE1\Temp\DE\Untitled_0\Result\p2.spi
C:\Users\fthgl\AppData\Local\Temp\CSTDE1\Temp\DE\Untitled_0\Result\p3.spi
C:\Users\fthgl\AppData\Local\Temp\CSTDE1\Temp\DE\Untitled_0\Result\PEC.mat
C:\Users\fthgl\AppData\Local\Temp\CSTDE1\Temp\DE\Untitled_0\Result\Port1.wgi
C:\Users\fthgl\AppData\Local\Temp\CSTDE1\Temp\DE\Untitled_0\Result\Port2.wgi
C:\Users\fthgl\AppData\Local\Temp\CSTDE1\Temp\DE\Untitled_0\Result\Port3.wgi
C:\Users\fthgl\AppData\Local\Temp\CSTDE1\Temp\DE\Untitled_0\Result\Ports.fpt
C:\Users\fthgl\AppData\Local\Temp\CSTDE1\Temp\DE\Untitled_0\Result\p^a.mem
C:\Users\fthgl\AppData\Local\Temp\CSTDE1\Temp\DE\Untitled_0\Result\p^m.mem
C:\Users\fthgl\AppData\Local\Temp\CSTDE1\Temp\DE\Untitled_0\Result\Rho.mat
C:\Users\fthgl\AppData\Local\Temp\CSTDE1\Temp\DE\Untitled_0\Result\S2HMatrix.m2h
C:\Users\fthgl\AppData\Local\Temp\CSTDE1\Temp\DE\Untitled_0\Result\Shapes.con
C:\Users\fthgl\AppData\Local\Temp\CSTDE1\Temp\DE\Untitled_0\Result\s^pm.mem
Port:
C:\Users\fthgl\AppData\Local\Temp\CSTDE1\Temp\DE\Untitled_0\Result\adapt_Port1_e1.prt
C:\Users\fthgl\AppData\Local\Temp\CSTDE1\Temp\DE\Untitled_0\Result\adapt_Port1_e1[1.2].prt
C:\Users\fthgl\AppData\Local\Temp\CSTDE1\Temp\DE\Untitled_0\Result\adapt_Port1_h1.prt
C:\Users\fthgl\AppData\Local\Temp\CSTDE1\Temp\DE\Untitled_0\Result\adapt_Port1_h1[1.2].prt
C:\Users\fthgl\AppData\Local\Temp\CSTDE1\Temp\DE\Untitled_0\Result\adapt_Port2_e1.prt
C:\Users\fthgl\AppData\Local\Temp\CSTDE1\Temp\DE\Untitled_0\Result\adapt_Port2_e1[1.2].prt
C:\Users\fthgl\AppData\Local\Temp\CSTDE1\Temp\DE\Untitled_0\Result\adapt_Port2_h1.prt
C:\Users\fthgl\AppData\Local\Temp\CSTDE1\Temp\DE\Untitled_0\Result\adapt_Port2_h1[1.2].prt
C:\Users\fthgl\AppData\Local\Temp\CSTDE1\Temp\DE\Untitled_0\Result\adapt_Port3_e1.prt
C:\Users\fthgl\AppData\Local\Temp\CSTDE1\Temp\DE\Untitled_0\Result\adapt_Port3_e1[1.2].prt
C:\Users\fthgl\AppData\Local\Temp\CSTDE1\Temp\DE\Untitled_0\Result\adapt_Port3_h1.prt
C:\Users\fthgl\AppData\Local\Temp\CSTDE1\Temp\DE\Untitled_0\Result\adapt_Port3_h1[1.2].prt
C:\Users\fthgl\AppData\Local\Temp\CSTDE1\Temp\DE\Untitled_0\Result\Model.pmi
C:\Users\fthgl\AppData\Local\Temp\CSTDE1\Temp\DE\Untitled_0\Result\Port1_1[1.2].m2d
C:\Users\fthgl\AppData\Local\Temp\CSTDE1\Temp\DE\Untitled_0\Result\Port1_drv.m2d
C:\Users\fthgl\AppData\Local\Temp\CSTDE1\Temp\DE\Untitled_0\Result\Port1_e1.prt
C:\Users\fthgl\AppData\Local\Temp\CSTDE1\Temp\DE\Untitled_0\Result\Port1_e1[1.2].prt
C:\Users\fthgl\AppData\Local\Temp\CSTDE1\Temp\DE\Untitled_0\Result\Port1_h1.prt
C:\Users\fthgl\AppData\Local\Temp\CSTDE1\Temp\DE\Untitled_0\Result\Port1_h1[1.2].prt
C:\Users\fthgl\AppData\Local\Temp\CSTDE1\Temp\DE\Untitled_0\Result\Port2_1[1.2].m2d
C:\Users\fthgl\AppData\Local\Temp\CSTDE1\Temp\DE\Untitled_0\Result\Port2_drv.m2d
C:\Users\fthgl\AppData\Local\Temp\CSTDE1\Temp\DE\Untitled_0\Result\Port2_e1.prt
C:\Users\fthgl\AppData\Local\Temp\CSTDE1\Temp\DE\Untitled_0\Result\Port2_e1[1.2].prt
C:\Users\fthgl\AppData\Local\Temp\CSTDE1\Temp\DE\Untitled_0\Result\Port2_h1.prt
C:\Users\fthgl\AppData\Local\Temp\CSTDE1\Temp\DE\Untitled_0\Result\Port2_h1[1.2].prt
C:\Users\fthgl\AppData\Local\Temp\CSTDE1\Temp\DE\Untitled_0\Result\Port3_1[1.2].m2d
C:\Users\fthgl\AppData\Local\Temp\CSTDE1\Temp\DE\Untitled_0\Result\Port3_drv.m2d
C:\Users\fthgl\AppData\Local\Temp\CSTDE1\Temp\DE\Untitled_0\Result\Port3_e1.prt
C:\Users\fthgl\AppData\Local\Temp\CSTDE1\Temp\DE\Untitled_0\Result\Port3_e1[1.2].prt
C:\Users\fthgl\AppData\Local\Temp\CSTDE1\Temp\DE\Untitled_0\Result\Port3_h1.prt
C:\Users\fthgl\AppData\Local\Temp\CSTDE1\Temp\DE\Untitled_0\Result\Port3_h1[1.2].prt
